<?xml version='1.1' encoding='UTF-8'?>
<result plugin="junit@1.28">
  <suites>
    <suite>
      <file>C:\Program Files (x86)\Jenkins\workspace\mentor-on-demand\target\surefire-reports\TEST-com.mod.menter.MenterApplicationTests.xml</file>
      <name>com.mod.menter.MenterApplicationTests</name>
      <duration>6.857</duration>
      <time>6.857</time>
      <enclosingBlocks/>
      <enclosingBlockNames/>
      <cases>
        <case>
          <duration>0.071</duration>
          <className>com.mod.menter.MenterApplicationTests</className>
          <testName>contextLoads</testName>
          <skipped>false</skipped>
          <failedSince>0</failedSince>
        </case>
      </cases>
    </suite>
  </suites>
  <duration>6.857</duration>
  <keepLongStdio>true</keepLongStdio>
</result>